Starting job at Sat  4 Apr 03:12:53 BST 2026

Running:
	 uv run dlb train-tt --save-name temp-005 --epochs 100 --seed 117 --logit-temp 0.05
PyTorch device: cuda

train_tt flags (logged to /dcs/23/u5567816/deep-linear-bandits/tt-models/temp-005/flags.json):
    save_name: temp-005
    watch_threshold: 2.0
    metric_k: (10, 50, 100, 200)
    best_k: 50
    side_features: True
    skip_towers: False
    hidden_size: (128,)
    output_size: 64
    relu: True
    dropout: 0.2
    l2_norm: True
    logit_temp: 0.05
    batch_size: 1024
    epochs: 100
    num_negatives: 256
    negative_sampling: uniform
    lr: 0.001
    optimiser: adam
    data_workers: 4
    id_emb_dims: 32
    item_cat_emb_dims: 16
    user_cat_emb_root: 2
    user_cat_emb_cap: 16
    seed: 117

Arguments passed to model constructor (saved to /dcs/23/u5567816/deep-linear-bandits/tt-models/temp-005/model_args.pkl):
    user_cat_input_sizes: [2, 2, 2, 2, 8, 30, 1076, 13, 10, 3, 47, 340, 7, 5, 3, 3, 3, 3, 3, 3, 3, 4, 8, 7, 7, 7]
    user_cat_emb_sizes: [2, 2, 2, 2, 3, 6, 16, 4, 4, 2, 7, 16, 3, 3, 2, 2, 2, 2, 2, 2, 2, 2, 3, 3, 3, 3]
    user_num_numeric_features: 4
    num_item_categories: 31
    skip_towers: False
    id_emb_dims: 32
    item_cat_emb_dims: 16
    use_side_features: True
    hidden_sizes: [128]
    output_size: 64
    use_relu: True
    dropout: 0.2
    use_l2_norm: True
    logit_temp: 0.05

Training complete - best Recall@50: 0.22005809843540192

Model weights have been saved to /dcs/23/u5567816/deep-linear-bandits/tt-models/temp-005/model.pt
Model metrics have been saved to /dcs/23/u5567816/deep-linear-bandits/tt-models/temp-005/metrics.json
Plotted metrics have been saved to /dcs/23/u5567816/deep-linear-bandits/tt-models/temp-005/metrics.png
Job finished at Sat  4 Apr 03:20:18 BST 2026
